[1640206538361] [31mERROR[39m (7748 on DESKTOP): [36mPromise errored, but reply.sent = true was set[39m
    reqId: "req-1"
    err: {
      "type": "CustomServerError",
      "message": "Database error, please try later",
      "stack":
          Error: Database error, please try later
              at Object.handler (file:///C:/projects/nodejs2021Q4-service/src/resources/boards/board.router.ts:36:13)
              at processTicksAndRejections (node:internal/process/task_queues:96:5)
      "statusCode": 500
    }
[1640206538488] [31mERROR[39m (7748 on DESKTOP): [36mPromise errored, but reply.sent = true was set[39m
    reqId: "req-5"
    err: {
      "type": "CustomServerError",
      "message": "Database error, please try later",
      "stack":
          Error: Database error, please try later
              at Object.handler (file:///C:/projects/nodejs2021Q4-service/src/resources/boards/board.router.ts:36:13)
              at processTicksAndRejections (node:internal/process/task_queues:96:5)
      "statusCode": 500
    }
[1640206538506] [31mERROR[39m (7748 on DESKTOP): [36mPromise errored, but reply.sent = true was set[39m
    reqId: "req-7"
    err: {
      "type": "CustomServerError",
      "message": "Database error, please try later",
      "stack":
          Error: Database error, please try later
              at Object.handler (file:///C:/projects/nodejs2021Q4-service/src/resources/boards/board.router.ts:36:13)
              at processTicksAndRejections (node:internal/process/task_queues:96:5)
      "statusCode": 500
    }
[1640206538514] [31mERROR[39m (7748 on DESKTOP): [36mPromise errored, but reply.sent = true was set[39m
    reqId: "req-8"
    err: {
      "type": "CustomServerError",
      "message": "Database error, please try later",
      "stack":
          Error: Database error, please try later
              at Object.handler (file:///C:/projects/nodejs2021Q4-service/src/resources/boards/board.router.ts:50:13)
              at processTicksAndRejections (node:internal/process/task_queues:96:5)
      "statusCode": 500
    }
[1640206538544] [31mERROR[39m (7748 on DESKTOP): [36mPromise errored, but reply.sent = true was set[39m
    reqId: "req-b"
    err: {
      "type": "CustomServerError",
      "message": "Database error, please try later",
      "stack":
          Error: Database error, please try later
              at Object.handler (file:///C:/projects/nodejs2021Q4-service/src/resources/boards/board.router.ts:36:13)
              at processTicksAndRejections (node:internal/process/task_queues:96:5)
      "statusCode": 500
    }
[1640206538572] [31mERROR[39m (7748 on DESKTOP): [36mPromise errored, but reply.sent = true was set[39m
    reqId: "req-e"
    err: {
      "type": "CustomServerError",
      "message": "Database error, please try later",
      "stack":
          Error: Database error, please try later
              at Object.handler (file:///C:/projects/nodejs2021Q4-service/src/resources/boards/board.router.ts:36:13)
              at processTicksAndRejections (node:internal/process/task_queues:96:5)
      "statusCode": 500
    }
[1640206539317] [31mERROR[39m (7748 on DESKTOP): [36mPromise errored, but reply.sent = true was set[39m
    reqId: "req-w"
    err: {
      "type": "CustomServerError",
      "message": "Database error, please try later",
      "stack":
          Error: Database error, please try later
              at Object.handler (file:///C:/projects/nodejs2021Q4-service/src/resources/boards/board.router.ts:36:13)
              at processTicksAndRejections (node:internal/process/task_queues:96:5)
      "statusCode": 500
    }
[1640206540424] [31mERROR[39m (7748 on DESKTOP): [36mPromise errored, but reply.sent = true was set[39m
    reqId: "req-1n"
    err: {
      "type": "CustomServerError",
      "message": "Database error, please try later",
      "stack":
          Error: Database error, please try later
              at Object.handler (file:///C:/projects/nodejs2021Q4-service/src/resources/boards/board.router.ts:36:13)
              at processTicksAndRejections (node:internal/process/task_queues:96:5)
      "statusCode": 500
    }
