[1640206538346] [32mINFO[39m (7748 on DESKTOP): [36mincoming request[39m
    reqId: "req-1"
    req: {
      "method": "POST",
      "url": "/boards",
      "path": "/boards",
      "parameters": {},
      "queryParams": {}
    }
[1640206538351] [32mINFO[39m (7748 on DESKTOP): [36mparsed body[39m
    reqId: "req-1"
    body: {
      "title": "Autotest board",
      "columns": [
        {
          "title": "Backlog",
          "order": 1
        },
        {
          "title": "Sprint",
          "order": 2
        }
      ]
    }
[1640206538361] [31mERROR[39m (7748 on DESKTOP): [36mPromise errored, but reply.sent = true was set[39m
    reqId: "req-1"
    err: {
      "type": "CustomServerError",
      "message": "Database error, please try later",
      "stack":
          Error: Database error, please try later
              at Object.handler (file:///C:/projects/nodejs2021Q4-service/src/resources/boards/board.router.ts:36:13)
              at processTicksAndRejections (node:internal/process/task_queues:96:5)
      "statusCode": 500
    }
[1640206538388] [32mINFO[39m (7748 on DESKTOP): [36mrequest completed[39m
    reqId: "req-1"
    res: {
      "statusCode": 201
    }
    responseTime: 41.43539999984205
[1640206538441] [32mINFO[39m (7748 on DESKTOP): [36mincoming request[39m
    reqId: "req-2"
    req: {
      "method": "GET",
      "url": "/boards",
      "path": "/boards",
      "parameters": {},
      "queryParams": {}
    }
[1640206538443] [32mINFO[39m (7748 on DESKTOP): [36mrequest completed[39m
    reqId: "req-2"
    res: {
      "statusCode": 200
    }
    responseTime: 1.3566000005230308
[1640206538461] [32mINFO[39m (7748 on DESKTOP): [36mincoming request[39m
    reqId: "req-3"
    req: {
      "method": "GET",
      "url": "/boards",
      "path": "/boards",
      "parameters": {},
      "queryParams": {}
    }
[1640206538462] [32mINFO[39m (7748 on DESKTOP): [36mrequest completed[39m
    reqId: "req-3"
    res: {
      "statusCode": 200
    }
    responseTime: 0.7840999998152256
[1640206538471] [32mINFO[39m (7748 on DESKTOP): [36mincoming request[39m
    reqId: "req-4"
    req: {
      "method": "GET",
      "url": "/boards/38fe0825-2dd5-40b5-99cc-54c78c1879a5",
      "path": "/boards/:boardId",
      "parameters": {
        "boardId": "38fe0825-2dd5-40b5-99cc-54c78c1879a5"
      },
      "queryParams": {}
    }
[1640206538473] [32mINFO[39m (7748 on DESKTOP): [36mrequest completed[39m
    reqId: "req-4"
    res: {
      "statusCode": 200
    }
    responseTime: 1.1413000002503395
[1640206538485] [32mINFO[39m (7748 on DESKTOP): [36mincoming request[39m
    reqId: "req-5"
    req: {
      "method": "POST",
      "url": "/boards",
      "path": "/boards",
      "parameters": {},
      "queryParams": {}
    }
[1640206538487] [32mINFO[39m (7748 on DESKTOP): [36mparsed body[39m
    reqId: "req-5"
    body: {
      "title": "Autotest board",
      "columns": [
        {
          "title": "Backlog",
          "order": 1
        },
        {
          "title": "Sprint",
          "order": 2
        }
      ]
    }
[1640206538488] [31mERROR[39m (7748 on DESKTOP): [36mPromise errored, but reply.sent = true was set[39m
    reqId: "req-5"
    err: {
      "type": "CustomServerError",
      "message": "Database error, please try later",
      "stack":
          Error: Database error, please try later
              at Object.handler (file:///C:/projects/nodejs2021Q4-service/src/resources/boards/board.router.ts:36:13)
              at processTicksAndRejections (node:internal/process/task_queues:96:5)
      "statusCode": 500
    }
[1640206538488] [32mINFO[39m (7748 on DESKTOP): [36mrequest completed[39m
    reqId: "req-5"
    res: {
      "statusCode": 201
    }
    responseTime: 2.5614000000059605
[1640206538495] [32mINFO[39m (7748 on DESKTOP): [36mincoming request[39m
    reqId: "req-6"
    req: {
      "method": "DELETE",
      "url": "/boards/11b2ac17-d555-42d8-93cc-9a7ea6fe54ac",
      "path": "/boards/:boardId",
      "parameters": {
        "boardId": "11b2ac17-d555-42d8-93cc-9a7ea6fe54ac"
      },
      "queryParams": {}
    }
[1640206538496] [32mINFO[39m (7748 on DESKTOP): [36mrequest completed[39m
    reqId: "req-6"
    res: {
      "statusCode": 204
    }
    responseTime: 1.0685999998822808
[1640206538504] [32mINFO[39m (7748 on DESKTOP): [36mincoming request[39m
    reqId: "req-7"
    req: {
      "method": "POST",
      "url": "/boards",
      "path": "/boards",
      "parameters": {},
      "queryParams": {}
    }
[1640206538505] [32mINFO[39m (7748 on DESKTOP): [36mparsed body[39m
    reqId: "req-7"
    body: {
      "title": "Autotest board",
      "columns": [
        {
          "title": "Backlog",
          "order": 1
        },
        {
          "title": "Sprint",
          "order": 2
        }
      ]
    }
[1640206538506] [31mERROR[39m (7748 on DESKTOP): [36mPromise errored, but reply.sent = true was set[39m
    reqId: "req-7"
    err: {
      "type": "CustomServerError",
      "message": "Database error, please try later",
      "stack":
          Error: Database error, please try later
              at Object.handler (file:///C:/projects/nodejs2021Q4-service/src/resources/boards/board.router.ts:36:13)
              at processTicksAndRejections (node:internal/process/task_queues:96:5)
      "statusCode": 500
    }
[1640206538506] [32mINFO[39m (7748 on DESKTOP): [36mrequest completed[39m
    reqId: "req-7"
    res: {
      "statusCode": 201
    }
    responseTime: 1.8452000003308058
[1640206538513] [32mINFO[39m (7748 on DESKTOP): [36mincoming request[39m
    reqId: "req-8"
    req: {
      "method": "PUT",
      "url": "/boards/f8383e31-3d36-4783-8497-cfb583ed569c",
      "path": "/boards/:boardId",
      "parameters": {
        "boardId": "f8383e31-3d36-4783-8497-cfb583ed569c"
      },
      "queryParams": {}
    }
[1640206538513] [32mINFO[39m (7748 on DESKTOP): [36mparsed body[39m
    reqId: "req-8"
    body: {
      "id": "f8383e31-3d36-4783-8497-cfb583ed569c",
      "title": "Autotest updated board",
      "columns": [
        {
          "id": "59f4dece-8489-439a-85c1-a069ff18fa68",
          "title": "Backlog",
          "order": 1
        },
        {
          "id": "576fa077-5ef8-477d-9dba-fdaea4b63b66",
          "title": "Sprint",
          "order": 2
        }
      ]
    }
[1640206538514] [31mERROR[39m (7748 on DESKTOP): [36mPromise errored, but reply.sent = true was set[39m
    reqId: "req-8"
    err: {
      "type": "CustomServerError",
      "message": "Database error, please try later",
      "stack":
          Error: Database error, please try later
              at Object.handler (file:///C:/projects/nodejs2021Q4-service/src/resources/boards/board.router.ts:50:13)
              at processTicksAndRejections (node:internal/process/task_queues:96:5)
      "statusCode": 500
    }
[1640206538515] [32mINFO[39m (7748 on DESKTOP): [36mrequest completed[39m
    reqId: "req-8"
    res: {
      "statusCode": 200
    }
    responseTime: 1.8856999995186925
[1640206538522] [32mINFO[39m (7748 on DESKTOP): [36mincoming request[39m
    reqId: "req-9"
    req: {
      "method": "GET",
      "url": "/boards/f8383e31-3d36-4783-8497-cfb583ed569c",
      "path": "/boards/:boardId",
      "parameters": {
        "boardId": "f8383e31-3d36-4783-8497-cfb583ed569c"
      },
      "queryParams": {}
    }
[1640206538524] [32mINFO[39m (7748 on DESKTOP): [36mrequest completed[39m
    reqId: "req-9"
    res: {
      "statusCode": 200
    }
    responseTime: 1.3525999998673797
[1640206538530] [32mINFO[39m (7748 on DESKTOP): [36mincoming request[39m
    reqId: "req-a"
    req: {
      "method": "DELETE",
      "url": "/boards/f8383e31-3d36-4783-8497-cfb583ed569c",
      "path": "/boards/:boardId",
      "parameters": {
        "boardId": "f8383e31-3d36-4783-8497-cfb583ed569c"
      },
      "queryParams": {}
    }
[1640206538532] [32mINFO[39m (7748 on DESKTOP): [36mrequest completed[39m
    reqId: "req-a"
    res: {
      "statusCode": 204
    }
    responseTime: 1.7096999995410442
[1640206538542] [32mINFO[39m (7748 on DESKTOP): [36mincoming request[39m
    reqId: "req-b"
    req: {
      "method": "POST",
      "url": "/boards",
      "path": "/boards",
      "parameters": {},
      "queryParams": {}
    }
[1640206538543] [32mINFO[39m (7748 on DESKTOP): [36mparsed body[39m
    reqId: "req-b"
    body: {
      "title": "Autotest board",
      "columns": [
        {
          "title": "Backlog",
          "order": 1
        },
        {
          "title": "Sprint",
          "order": 2
        }
      ]
    }
[1640206538544] [31mERROR[39m (7748 on DESKTOP): [36mPromise errored, but reply.sent = true was set[39m
    reqId: "req-b"
    err: {
      "type": "CustomServerError",
      "message": "Database error, please try later",
      "stack":
          Error: Database error, please try later
              at Object.handler (file:///C:/projects/nodejs2021Q4-service/src/resources/boards/board.router.ts:36:13)
              at processTicksAndRejections (node:internal/process/task_queues:96:5)
      "statusCode": 500
    }
[1640206538545] [32mINFO[39m (7748 on DESKTOP): [36mrequest completed[39m
    reqId: "req-b"
    res: {
      "statusCode": 201
    }
    responseTime: 1.9995999997481704
[1640206538549] [32mINFO[39m (7748 on DESKTOP): [36mincoming request[39m
    reqId: "req-c"
    req: {
      "method": "DELETE",
      "url": "/boards/fc49e25e-971b-439a-af29-61ab3eebb492",
      "path": "/boards/:boardId",
      "parameters": {
        "boardId": "fc49e25e-971b-439a-af29-61ab3eebb492"
      },
      "queryParams": {}
    }
[1640206538550] [32mINFO[39m (7748 on DESKTOP): [36mrequest completed[39m
    reqId: "req-c"
    res: {
      "statusCode": 204
    }
    responseTime: 0.8828999996185303
[1640206538556] [32mINFO[39m (7748 on DESKTOP): [36mincoming request[39m
    reqId: "req-d"
    req: {
      "method": "GET",
      "url": "/boards/fc49e25e-971b-439a-af29-61ab3eebb492",
      "path": "/boards/:boardId",
      "parameters": {
        "boardId": "fc49e25e-971b-439a-af29-61ab3eebb492"
      },
      "queryParams": {}
    }
[1640206538557] [32mINFO[39m (7748 on DESKTOP): [36mItem with this id not found[39m
    reqId: "req-d"
    res: {
      "statusCode": 404
    }
    err: {
      "type": "CustomServerError",
      "message": "Item with this id not found",
      "stack":
          Error: Item with this id not found
              at BoardService.getById (file:///C:/projects/nodejs2021Q4-service/src/common/base-service.ts:43:11)
              at processTicksAndRejections (node:internal/process/task_queues:96:5)
              at async Object.handler (file:///C:/projects/nodejs2021Q4-service/src/resources/boards/board.router.ts:22:21)
      "statusCode": 404
    }
[1640206538560] [32mINFO[39m (7748 on DESKTOP): [36mrequest completed[39m
    reqId: "req-d"
    res: {
      "statusCode": 404
    }
    responseTime: 3.6968000000342727
[1640206538570] [32mINFO[39m (7748 on DESKTOP): [36mincoming request[39m
    reqId: "req-e"
    req: {
      "method": "POST",
      "url": "/boards",
      "path": "/boards",
      "parameters": {},
      "queryParams": {}
    }
[1640206538571] [32mINFO[39m (7748 on DESKTOP): [36mparsed body[39m
    reqId: "req-e"
    body: {
      "title": "Autotest board",
      "columns": [
        {
          "title": "Backlog",
          "order": 1
        },
        {
          "title": "Sprint",
          "order": 2
        }
      ]
    }
[1640206538572] [31mERROR[39m (7748 on DESKTOP): [36mPromise errored, but reply.sent = true was set[39m
    reqId: "req-e"
    err: {
      "type": "CustomServerError",
      "message": "Database error, please try later",
      "stack":
          Error: Database error, please try later
              at Object.handler (file:///C:/projects/nodejs2021Q4-service/src/resources/boards/board.router.ts:36:13)
              at processTicksAndRejections (node:internal/process/task_queues:96:5)
      "statusCode": 500
    }
[1640206538573] [32mINFO[39m (7748 on DESKTOP): [36mrequest completed[39m
    reqId: "req-e"
    res: {
      "statusCode": 201
    }
    responseTime: 2.645399999804795
[1640206538590] [32mINFO[39m (7748 on DESKTOP): [36mincoming request[39m
    reqId: "req-f"
    req: {
      "method": "POST",
      "url": "/boards/fc0e29a8-f535-43b2-91da-c91a26e2484b/tasks",
      "path": "/boards/:boardId/tasks",
      "parameters": {
        "boardId": "fc0e29a8-f535-43b2-91da-c91a26e2484b"
      },
      "queryParams": {}
    }
[1640206538592] [32mINFO[39m (7748 on DESKTOP): [36mparsed body[39m
    reqId: "req-f"
    body: {
      "title": "Task #1",
      "order": 1,
      "description": "Lorem ipsum",
      "boardId": "fc0e29a8-f535-43b2-91da-c91a26e2484b",
      "userId": null,
      "columnId": null
    }
[1640206538595] [32mINFO[39m (7748 on DESKTOP): [36mrequest completed[39m
    reqId: "req-f"
    res: {
      "statusCode": 201
    }
    responseTime: 4.405899999663234
[1640206538596] [32mINFO[39m (7748 on DESKTOP): [36mincoming request[39m
    reqId: "req-g"
    req: {
      "method": "POST",
      "url": "/boards/fc0e29a8-f535-43b2-91da-c91a26e2484b/tasks",
      "path": "/boards/:boardId/tasks",
      "parameters": {
        "boardId": "fc0e29a8-f535-43b2-91da-c91a26e2484b"
      },
      "queryParams": {}
    }
[1640206538596] [32mINFO[39m (7748 on DESKTOP): [36mparsed body[39m
    reqId: "req-g"
    body: {
      "title": "Task #2",
      "order": 2,
      "description": "Lorem ipsum",
      "boardId": "fc0e29a8-f535-43b2-91da-c91a26e2484b",
      "userId": null,
      "columnId": null
    }
[1640206538597] [32mINFO[39m (7748 on DESKTOP): [36mrequest completed[39m
    reqId: "req-g"
    res: {
      "statusCode": 201
    }
    responseTime: 1.2312000002712011
[1640206538598] [32mINFO[39m (7748 on DESKTOP): [36mincoming request[39m
    reqId: "req-h"
    req: {
      "method": "POST",
      "url": "/boards/fc0e29a8-f535-43b2-91da-c91a26e2484b/tasks",
      "path": "/boards/:boardId/tasks",
      "parameters": {
        "boardId": "fc0e29a8-f535-43b2-91da-c91a26e2484b"
      },
      "queryParams": {}
    }
[1640206538598] [32mINFO[39m (7748 on DESKTOP): [36mparsed body[39m
    reqId: "req-h"
    body: {
      "title": "Task #3",
      "order": 3,
      "description": "Lorem ipsum",
      "boardId": "fc0e29a8-f535-43b2-91da-c91a26e2484b",
      "userId": null,
      "columnId": null
    }
[1640206538599] [32mINFO[39m (7748 on DESKTOP): [36mrequest completed[39m
    reqId: "req-h"
    res: {
      "statusCode": 201
    }
    responseTime: 1.3215000005438924
[1640206538600] [32mINFO[39m (7748 on DESKTOP): [36mincoming request[39m
    reqId: "req-i"
    req: {
      "method": "POST",
      "url": "/boards/fc0e29a8-f535-43b2-91da-c91a26e2484b/tasks",
      "path": "/boards/:boardId/tasks",
      "parameters": {
        "boardId": "fc0e29a8-f535-43b2-91da-c91a26e2484b"
      },
      "queryParams": {}
    }
[1640206538601] [32mINFO[39m (7748 on DESKTOP): [36mparsed body[39m
    reqId: "req-i"
    body: {
      "title": "Task #4",
      "order": 4,
      "description": "Lorem ipsum",
      "boardId": "fc0e29a8-f535-43b2-91da-c91a26e2484b",
      "userId": null,
      "columnId": null
    }
[1640206538601] [32mINFO[39m (7748 on DESKTOP): [36mrequest completed[39m
    reqId: "req-i"
    res: {
      "statusCode": 201
    }
    responseTime: 1.5197000000625849
[1640206538602] [32mINFO[39m (7748 on DESKTOP): [36mincoming request[39m
    reqId: "req-j"
    req: {
      "method": "POST",
      "url": "/boards/fc0e29a8-f535-43b2-91da-c91a26e2484b/tasks",
      "path": "/boards/:boardId/tasks",
      "parameters": {
        "boardId": "fc0e29a8-f535-43b2-91da-c91a26e2484b"
      },
      "queryParams": {}
    }
[1640206538603] [32mINFO[39m (7748 on DESKTOP): [36mparsed body[39m
    reqId: "req-j"
    body: {
      "title": "Task #5",
      "order": 5,
      "description": "Lorem ipsum",
      "boardId": "fc0e29a8-f535-43b2-91da-c91a26e2484b",
      "userId": null,
      "columnId": null
    }
[1640206538604] [32mINFO[39m (7748 on DESKTOP): [36mrequest completed[39m
    reqId: "req-j"
    res: {
      "statusCode": 201
    }
    responseTime: 1.5812000008299947
[1640206538620] [32mINFO[39m (7748 on DESKTOP): [36mincoming request[39m
    reqId: "req-k"
    req: {
      "method": "GET",
      "url": "/boards/fc0e29a8-f535-43b2-91da-c91a26e2484b/tasks/dddc7f26-32ca-44e4-bd59-06e8200ca233",
      "path": "/boards/:boardId/tasks/:taskId",
      "parameters": {
        "boardId": "fc0e29a8-f535-43b2-91da-c91a26e2484b",
        "taskId": "dddc7f26-32ca-44e4-bd59-06e8200ca233"
      },
      "queryParams": {}
    }
[1640206538622] [32mINFO[39m (7748 on DESKTOP): [36mrequest completed[39m
    reqId: "req-k"
    res: {
      "statusCode": 200
    }
    responseTime: 1.3524000002071261
[1640206538623] [32mINFO[39m (7748 on DESKTOP): [36mincoming request[39m
    reqId: "req-l"
    req: {
      "method": "GET",
      "url": "/boards/fc0e29a8-f535-43b2-91da-c91a26e2484b/tasks/c7f2e0a1-f31c-4cba-aa6b-bfecb5c9c189",
      "path": "/boards/:boardId/tasks/:taskId",
      "parameters": {
        "boardId": "fc0e29a8-f535-43b2-91da-c91a26e2484b",
        "taskId": "c7f2e0a1-f31c-4cba-aa6b-bfecb5c9c189"
      },
      "queryParams": {}
    }
[1640206538624] [32mINFO[39m (7748 on DESKTOP): [36mrequest completed[39m
    reqId: "req-l"
    res: {
      "statusCode": 200
    }
    responseTime: 1.205599999986589
[1640206538625] [32mINFO[39m (7748 on DESKTOP): [36mincoming request[39m
    reqId: "req-m"
    req: {
      "method": "GET",
      "url": "/boards/fc0e29a8-f535-43b2-91da-c91a26e2484b/tasks/13e1574c-8614-4ca8-a5d6-46787ac877a5",
      "path": "/boards/:boardId/tasks/:taskId",
      "parameters": {
        "boardId": "fc0e29a8-f535-43b2-91da-c91a26e2484b",
        "taskId": "13e1574c-8614-4ca8-a5d6-46787ac877a5"
      },
      "queryParams": {}
    }
[1640206538626] [32mINFO[39m (7748 on DESKTOP): [36mrequest completed[39m
    reqId: "req-m"
    res: {
      "statusCode": 200
    }
    responseTime: 1.1844000006094575
[1640206538627] [32mINFO[39m (7748 on DESKTOP): [36mincoming request[39m
    reqId: "req-n"
    req: {
      "method": "GET",
      "url": "/boards/fc0e29a8-f535-43b2-91da-c91a26e2484b/tasks/00122116-b9f0-46c5-86d9-94cc5d6fd3bd",
      "path": "/boards/:boardId/tasks/:taskId",
      "parameters": {
        "boardId": "fc0e29a8-f535-43b2-91da-c91a26e2484b",
        "taskId": "00122116-b9f0-46c5-86d9-94cc5d6fd3bd"
      },
      "queryParams": {}
    }
[1640206538628] [32mINFO[39m (7748 on DESKTOP): [36mrequest completed[39m
    reqId: "req-n"
    res: {
      "statusCode": 200
    }
    responseTime: 0.8633000003173947
[1640206538629] [32mINFO[39m (7748 on DESKTOP): [36mincoming request[39m
    reqId: "req-o"
    req: {
      "method": "GET",
      "url": "/boards/fc0e29a8-f535-43b2-91da-c91a26e2484b/tasks/0cf3b6f6-4b2c-41ca-bfa6-27598c7e9af6",
      "path": "/boards/:boardId/tasks/:taskId",
      "parameters": {
        "boardId": "fc0e29a8-f535-43b2-91da-c91a26e2484b",
        "taskId": "0cf3b6f6-4b2c-41ca-bfa6-27598c7e9af6"
      },
      "queryParams": {}
    }
[1640206538630] [32mINFO[39m (7748 on DESKTOP): [36mrequest completed[39m
    reqId: "req-o"
    res: {
      "statusCode": 200
    }
    responseTime: 1.171900000423193
[1640206538633] [32mINFO[39m (7748 on DESKTOP): [36mincoming request[39m
    reqId: "req-p"
    req: {
      "method": "DELETE",
      "url": "/boards/fc0e29a8-f535-43b2-91da-c91a26e2484b",
      "path": "/boards/:boardId",
      "parameters": {
        "boardId": "fc0e29a8-f535-43b2-91da-c91a26e2484b"
      },
      "queryParams": {}
    }
[1640206538634] [32mINFO[39m (7748 on DESKTOP): [36mrequest completed[39m
    reqId: "req-p"
    res: {
      "statusCode": 204
    }
    responseTime: 0.9570000004023314
[1640206538643] [32mINFO[39m (7748 on DESKTOP): [36mincoming request[39m
    reqId: "req-q"
    req: {
      "method": "GET",
      "url": "/boards/fc0e29a8-f535-43b2-91da-c91a26e2484b/tasks/dddc7f26-32ca-44e4-bd59-06e8200ca233",
      "path": "/boards/:boardId/tasks/:taskId",
      "parameters": {
        "boardId": "fc0e29a8-f535-43b2-91da-c91a26e2484b",
        "taskId": "dddc7f26-32ca-44e4-bd59-06e8200ca233"
      },
      "queryParams": {}
    }
[1640206538644] [32mINFO[39m (7748 on DESKTOP): [36mItem with this id not found[39m
    reqId: "req-q"
    res: {
      "statusCode": 404
    }
    err: {
      "type": "CustomServerError",
      "message": "Item with this id not found",
      "stack":
          Error: Item with this id not found
              at BaseService.getById (file:///C:/projects/nodejs2021Q4-service/src/common/base-service.ts:43:11)
              at processTicksAndRejections (node:internal/process/task_queues:96:5)
              at async Object.handler (file:///C:/projects/nodejs2021Q4-service/src/resources/tasks/task.router.ts:20:20)
      "statusCode": 404
    }
[1640206538646] [32mINFO[39m (7748 on DESKTOP): [36mrequest completed[39m
    reqId: "req-q"
    res: {
      "statusCode": 404
    }
    responseTime: 2.7438000002875924
[1640206538648] [32mINFO[39m (7748 on DESKTOP): [36mincoming request[39m
    reqId: "req-r"
    req: {
      "method": "GET",
      "url": "/boards/fc0e29a8-f535-43b2-91da-c91a26e2484b/tasks/c7f2e0a1-f31c-4cba-aa6b-bfecb5c9c189",
      "path": "/boards/:boardId/tasks/:taskId",
      "parameters": {
        "boardId": "fc0e29a8-f535-43b2-91da-c91a26e2484b",
        "taskId": "c7f2e0a1-f31c-4cba-aa6b-bfecb5c9c189"
      },
      "queryParams": {}
    }
[1640206538648] [32mINFO[39m (7748 on DESKTOP): [36mItem with this id not found[39m
    reqId: "req-r"
    res: {
      "statusCode": 404
    }
    err: {
      "type": "CustomServerError",
      "message": "Item with this id not found",
      "stack":
          Error: Item with this id not found
              at BaseService.getById (file:///C:/projects/nodejs2021Q4-service/src/common/base-service.ts:43:11)
              at processTicksAndRejections (node:internal/process/task_queues:96:5)
              at async Object.handler (file:///C:/projects/nodejs2021Q4-service/src/resources/tasks/task.router.ts:20:20)
      "statusCode": 404
    }
[1640206538650] [32mINFO[39m (7748 on DESKTOP): [36mrequest completed[39m
    reqId: "req-r"
    res: {
      "statusCode": 404
    }
    responseTime: 2.6302000004798174
[1640206538651] [32mINFO[39m (7748 on DESKTOP): [36mincoming request[39m
    reqId: "req-s"
    req: {
      "method": "GET",
      "url": "/boards/fc0e29a8-f535-43b2-91da-c91a26e2484b/tasks/13e1574c-8614-4ca8-a5d6-46787ac877a5",
      "path": "/boards/:boardId/tasks/:taskId",
      "parameters": {
        "boardId": "fc0e29a8-f535-43b2-91da-c91a26e2484b",
        "taskId": "13e1574c-8614-4ca8-a5d6-46787ac877a5"
      },
      "queryParams": {}
    }
[1640206538651] [32mINFO[39m (7748 on DESKTOP): [36mItem with this id not found[39m
    reqId: "req-s"
    res: {
      "statusCode": 404
    }
    err: {
      "type": "CustomServerError",
      "message": "Item with this id not found",
      "stack":
          Error: Item with this id not found
              at BaseService.getById (file:///C:/projects/nodejs2021Q4-service/src/common/base-service.ts:43:11)
              at processTicksAndRejections (node:internal/process/task_queues:96:5)
              at async Object.handler (file:///C:/projects/nodejs2021Q4-service/src/resources/tasks/task.router.ts:20:20)
      "statusCode": 404
    }
[1640206538653] [32mINFO[39m (7748 on DESKTOP): [36mrequest completed[39m
    reqId: "req-s"
    res: {
      "statusCode": 404
    }
    responseTime: 1.423200000077486
[1640206538653] [32mINFO[39m (7748 on DESKTOP): [36mincoming request[39m
    reqId: "req-t"
    req: {
      "method": "GET",
      "url": "/boards/fc0e29a8-f535-43b2-91da-c91a26e2484b/tasks/00122116-b9f0-46c5-86d9-94cc5d6fd3bd",
      "path": "/boards/:boardId/tasks/:taskId",
      "parameters": {
        "boardId": "fc0e29a8-f535-43b2-91da-c91a26e2484b",
        "taskId": "00122116-b9f0-46c5-86d9-94cc5d6fd3bd"
      },
      "queryParams": {}
    }
[1640206538653] [32mINFO[39m (7748 on DESKTOP): [36mItem with this id not found[39m
    reqId: "req-t"
    res: {
      "statusCode": 404
    }
    err: {
      "type": "CustomServerError",
      "message": "Item with this id not found",
      "stack":
          Error: Item with this id not found
              at BaseService.getById (file:///C:/projects/nodejs2021Q4-service/src/common/base-service.ts:43:11)
              at processTicksAndRejections (node:internal/process/task_queues:96:5)
              at async Object.handler (file:///C:/projects/nodejs2021Q4-service/src/resources/tasks/task.router.ts:20:20)
      "statusCode": 404
    }
[1640206538654] [32mINFO[39m (7748 on DESKTOP): [36mrequest completed[39m
    reqId: "req-t"
    res: {
      "statusCode": 404
    }
    responseTime: 1.0495999995619059
[1640206538655] [32mINFO[39m (7748 on DESKTOP): [36mincoming request[39m
    reqId: "req-u"
    req: {
      "method": "GET",
      "url": "/boards/fc0e29a8-f535-43b2-91da-c91a26e2484b/tasks/0cf3b6f6-4b2c-41ca-bfa6-27598c7e9af6",
      "path": "/boards/:boardId/tasks/:taskId",
      "parameters": {
        "boardId": "fc0e29a8-f535-43b2-91da-c91a26e2484b",
        "taskId": "0cf3b6f6-4b2c-41ca-bfa6-27598c7e9af6"
      },
      "queryParams": {}
    }
[1640206538655] [32mINFO[39m (7748 on DESKTOP): [36mItem with this id not found[39m
    reqId: "req-u"
    res: {
      "statusCode": 404
    }
    err: {
      "type": "CustomServerError",
      "message": "Item with this id not found",
      "stack":
          Error: Item with this id not found
              at BaseService.getById (file:///C:/projects/nodejs2021Q4-service/src/common/base-service.ts:43:11)
              at processTicksAndRejections (node:internal/process/task_queues:96:5)
              at async Object.handler (file:///C:/projects/nodejs2021Q4-service/src/resources/tasks/task.router.ts:20:20)
      "statusCode": 404
    }
[1640206538656] [32mINFO[39m (7748 on DESKTOP): [36mrequest completed[39m
    reqId: "req-u"
    res: {
      "statusCode": 404
    }
    responseTime: 1.3277000002563
[1640206538664] [32mINFO[39m (7748 on DESKTOP): [36mincoming request[39m
    reqId: "req-v"
    req: {
      "method": "DELETE",
      "url": "/boards/38fe0825-2dd5-40b5-99cc-54c78c1879a5",
      "path": "/boards/:boardId",
      "parameters": {
        "boardId": "38fe0825-2dd5-40b5-99cc-54c78c1879a5"
      },
      "queryParams": {}
    }
[1640206538664] [32mINFO[39m (7748 on DESKTOP): [36mrequest completed[39m
    reqId: "req-v"
    res: {
      "statusCode": 204
    }
    responseTime: 0.4829000001773238
[1640206539317] [32mINFO[39m (7748 on DESKTOP): [36mincoming request[39m
    reqId: "req-w"
    req: {
      "method": "POST",
      "url": "/boards",
      "path": "/boards",
      "parameters": {},
      "queryParams": {}
    }
[1640206539317] [32mINFO[39m (7748 on DESKTOP): [36mparsed body[39m
    reqId: "req-w"
    body: {
      "title": "Autotest board",
      "columns": [
        {
          "title": "Backlog",
          "order": 1
        },
        {
          "title": "Sprint",
          "order": 2
        }
      ]
    }
[1640206539317] [31mERROR[39m (7748 on DESKTOP): [36mPromise errored, but reply.sent = true was set[39m
    reqId: "req-w"
    err: {
      "type": "CustomServerError",
      "message": "Database error, please try later",
      "stack":
          Error: Database error, please try later
              at Object.handler (file:///C:/projects/nodejs2021Q4-service/src/resources/boards/board.router.ts:36:13)
              at processTicksAndRejections (node:internal/process/task_queues:96:5)
      "statusCode": 500
    }
[1640206539317] [32mINFO[39m (7748 on DESKTOP): [36mrequest completed[39m
    reqId: "req-w"
    res: {
      "statusCode": 201
    }
    responseTime: 1.6093999994918704
[1640206539324] [32mINFO[39m (7748 on DESKTOP): [36mincoming request[39m
    reqId: "req-x"
    req: {
      "method": "POST",
      "url": "/boards/a0b12221-c54f-470d-89f2-4e1fc52c7f74/tasks",
      "path": "/boards/:boardId/tasks",
      "parameters": {
        "boardId": "a0b12221-c54f-470d-89f2-4e1fc52c7f74"
      },
      "queryParams": {}
    }
[1640206539324] [32mINFO[39m (7748 on DESKTOP): [36mparsed body[39m
    reqId: "req-x"
    body: {
      "title": "Autotest task",
      "order": 0,
      "description": "Lorem ipsum",
      "userId": null,
      "boardId": null,
      "columnId": null
    }
[1640206539324] [32mINFO[39m (7748 on DESKTOP): [36mrequest completed[39m
    reqId: "req-x"
    res: {
      "statusCode": 201
    }
    responseTime: 0.7620000001043081
[1640206539358] [32mINFO[39m (7748 on DESKTOP): [36mincoming request[39m
    reqId: "req-y"
    req: {
      "method": "GET",
      "url": "/boards/a0b12221-c54f-470d-89f2-4e1fc52c7f74/tasks",
      "path": "/boards/:boardId/tasks",
      "parameters": {
        "boardId": "a0b12221-c54f-470d-89f2-4e1fc52c7f74"
      },
      "queryParams": {}
    }
[1640206539360] [32mINFO[39m (7748 on DESKTOP): [36mrequest completed[39m
    reqId: "req-y"
    res: {
      "statusCode": 200
    }
    responseTime: 1.3071999996900558
[1640206539385] [32mINFO[39m (7748 on DESKTOP): [36mincoming request[39m
    reqId: "req-z"
    req: {
      "method": "GET",
      "url": "/boards/a0b12221-c54f-470d-89f2-4e1fc52c7f74/tasks",
      "path": "/boards/:boardId/tasks",
      "parameters": {
        "boardId": "a0b12221-c54f-470d-89f2-4e1fc52c7f74"
      },
      "queryParams": {}
    }
[1640206539386] [32mINFO[39m (7748 on DESKTOP): [36mrequest completed[39m
    reqId: "req-z"
    res: {
      "statusCode": 200
    }
    responseTime: 0.8722000000998378
[1640206539392] [32mINFO[39m (7748 on DESKTOP): [36mincoming request[39m
    reqId: "req-10"
    req: {
      "method": "GET",
      "url": "/boards/a0b12221-c54f-470d-89f2-4e1fc52c7f74/tasks/a9ad2941-dcca-4763-a6d3-9468a150189e",
      "path": "/boards/:boardId/tasks/:taskId",
      "parameters": {
        "boardId": "a0b12221-c54f-470d-89f2-4e1fc52c7f74",
        "taskId": "a9ad2941-dcca-4763-a6d3-9468a150189e"
      },
      "queryParams": {}
    }
[1640206539393] [32mINFO[39m (7748 on DESKTOP): [36mrequest completed[39m
    reqId: "req-10"
    res: {
      "statusCode": 200
    }
    responseTime: 0.5092000002041459
[1640206539409] [32mINFO[39m (7748 on DESKTOP): [36mincoming request[39m
    reqId: "req-11"
    req: {
      "method": "POST",
      "url": "/boards/a0b12221-c54f-470d-89f2-4e1fc52c7f74/tasks",
      "path": "/boards/:boardId/tasks",
      "parameters": {
        "boardId": "a0b12221-c54f-470d-89f2-4e1fc52c7f74"
      },
      "queryParams": {}
    }
[1640206539410] [32mINFO[39m (7748 on DESKTOP): [36mparsed body[39m
    reqId: "req-11"
    body: {
      "title": "Autotest task",
      "order": 0,
      "description": "Lorem ipsum",
      "userId": null,
      "boardId": null,
      "columnId": null
    }
[1640206539411] [32mINFO[39m (7748 on DESKTOP): [36mrequest completed[39m
    reqId: "req-11"
    res: {
      "statusCode": 201
    }
    responseTime: 1.215400000102818
[1640206539418] [32mINFO[39m (7748 on DESKTOP): [36mincoming request[39m
    reqId: "req-12"
    req: {
      "method": "DELETE",
      "url": "/boards/a0b12221-c54f-470d-89f2-4e1fc52c7f74/tasks/0eb567be-0449-4b44-a1ad-be77c02eeb21",
      "path": "/boards/:boardId/tasks/:taskId",
      "parameters": {
        "boardId": "a0b12221-c54f-470d-89f2-4e1fc52c7f74",
        "taskId": "0eb567be-0449-4b44-a1ad-be77c02eeb21"
      },
      "queryParams": {}
    }
[1640206539419] [32mINFO[39m (7748 on DESKTOP): [36mrequest completed[39m
    reqId: "req-12"
    res: {
      "statusCode": 204
    }
    responseTime: 1.1051000002771616
[1640206539426] [32mINFO[39m (7748 on DESKTOP): [36mincoming request[39m
    reqId: "req-13"
    req: {
      "method": "POST",
      "url": "/boards/a0b12221-c54f-470d-89f2-4e1fc52c7f74/tasks",
      "path": "/boards/:boardId/tasks",
      "parameters": {
        "boardId": "a0b12221-c54f-470d-89f2-4e1fc52c7f74"
      },
      "queryParams": {}
    }
[1640206539426] [32mINFO[39m (7748 on DESKTOP): [36mparsed body[39m
    reqId: "req-13"
    body: {
      "title": "Autotest task",
      "order": 0,
      "description": "Lorem ipsum",
      "userId": null,
      "boardId": null,
      "columnId": null
    }
[1640206539427] [32mINFO[39m (7748 on DESKTOP): [36mrequest completed[39m
    reqId: "req-13"
    res: {
      "statusCode": 201
    }
    responseTime: 1.2142000002786517
[1640206539432] [32mINFO[39m (7748 on DESKTOP): [36mincoming request[39m
    reqId: "req-14"
    req: {
      "method": "PUT",
      "url": "/boards/a0b12221-c54f-470d-89f2-4e1fc52c7f74/tasks/4b15e04a-0353-4e38-b062-1b54862f7440",
      "path": "/boards/:boardId/tasks/:taskId",
      "parameters": {
        "boardId": "a0b12221-c54f-470d-89f2-4e1fc52c7f74",
        "taskId": "4b15e04a-0353-4e38-b062-1b54862f7440"
      },
      "queryParams": {}
    }
[1640206539432] [32mINFO[39m (7748 on DESKTOP): [36mparsed body[39m
    reqId: "req-14"
    body: {
      "id": "4b15e04a-0353-4e38-b062-1b54862f7440",
      "title": "Autotest updated task",
      "order": 0,
      "description": "Lorem ipsum",
      "userId": null,
      "boardId": "a0b12221-c54f-470d-89f2-4e1fc52c7f74",
      "columnId": null
    }
[1640206539433] [32mINFO[39m (7748 on DESKTOP): [36mrequest completed[39m
    reqId: "req-14"
    res: {
      "statusCode": 200
    }
    responseTime: 1.0841999994590878
[1640206539466] [32mINFO[39m (7748 on DESKTOP): [36mincoming request[39m
    reqId: "req-15"
    req: {
      "method": "GET",
      "url": "/boards/a0b12221-c54f-470d-89f2-4e1fc52c7f74/tasks/4b15e04a-0353-4e38-b062-1b54862f7440",
      "path": "/boards/:boardId/tasks/:taskId",
      "parameters": {
        "boardId": "a0b12221-c54f-470d-89f2-4e1fc52c7f74",
        "taskId": "4b15e04a-0353-4e38-b062-1b54862f7440"
      },
      "queryParams": {}
    }
[1640206539466] [32mINFO[39m (7748 on DESKTOP): [36mrequest completed[39m
    reqId: "req-15"
    res: {
      "statusCode": 200
    }
    responseTime: 0.4630000004544854
[1640206539499] [32mINFO[39m (7748 on DESKTOP): [36mincoming request[39m
    reqId: "req-16"
    req: {
      "method": "GET",
      "url": "/boards/a0b12221-c54f-470d-89f2-4e1fc52c7f74/tasks/a9ad2941-dcca-4763-a6d3-9468a150189e",
      "path": "/boards/:boardId/tasks/:taskId",
      "parameters": {
        "boardId": "a0b12221-c54f-470d-89f2-4e1fc52c7f74",
        "taskId": "a9ad2941-dcca-4763-a6d3-9468a150189e"
      },
      "queryParams": {}
    }
[1640206539500] [32mINFO[39m (7748 on DESKTOP): [36mrequest completed[39m
    reqId: "req-16"
    res: {
      "statusCode": 200
    }
    responseTime: 0.9638000000268221
[1640206539504] [32mINFO[39m (7748 on DESKTOP): [36mincoming request[39m
    reqId: "req-17"
    req: {
      "method": "DELETE",
      "url": "/boards/a0b12221-c54f-470d-89f2-4e1fc52c7f74/tasks/a9ad2941-dcca-4763-a6d3-9468a150189e",
      "path": "/boards/:boardId/tasks/:taskId",
      "parameters": {
        "boardId": "a0b12221-c54f-470d-89f2-4e1fc52c7f74",
        "taskId": "a9ad2941-dcca-4763-a6d3-9468a150189e"
      },
      "queryParams": {}
    }
[1640206539505] [32mINFO[39m (7748 on DESKTOP): [36mrequest completed[39m
    reqId: "req-17"
    res: {
      "statusCode": 204
    }
    responseTime: 0.6513000000268221
[1640206539512] [32mINFO[39m (7748 on DESKTOP): [36mincoming request[39m
    reqId: "req-18"
    req: {
      "method": "GET",
      "url": "/boards/a0b12221-c54f-470d-89f2-4e1fc52c7f74/tasks/a9ad2941-dcca-4763-a6d3-9468a150189e",
      "path": "/boards/:boardId/tasks/:taskId",
      "parameters": {
        "boardId": "a0b12221-c54f-470d-89f2-4e1fc52c7f74",
        "taskId": "a9ad2941-dcca-4763-a6d3-9468a150189e"
      },
      "queryParams": {}
    }
[1640206539513] [32mINFO[39m (7748 on DESKTOP): [36mItem with this id not found[39m
    reqId: "req-18"
    res: {
      "statusCode": 404
    }
    err: {
      "type": "CustomServerError",
      "message": "Item with this id not found",
      "stack":
          Error: Item with this id not found
              at BaseService.getById (file:///C:/projects/nodejs2021Q4-service/src/common/base-service.ts:43:11)
              at processTicksAndRejections (node:internal/process/task_queues:96:5)
              at async Object.handler (file:///C:/projects/nodejs2021Q4-service/src/resources/tasks/task.router.ts:20:20)
      "statusCode": 404
    }
[1640206539514] [32mINFO[39m (7748 on DESKTOP): [36mrequest completed[39m
    reqId: "req-18"
    res: {
      "statusCode": 404
    }
    responseTime: 1.2445000000298023
[1640206539541] [32mINFO[39m (7748 on DESKTOP): [36mincoming request[39m
    reqId: "req-19"
    req: {
      "method": "DELETE",
      "url": "/boards/a0b12221-c54f-470d-89f2-4e1fc52c7f74",
      "path": "/boards/:boardId",
      "parameters": {
        "boardId": "a0b12221-c54f-470d-89f2-4e1fc52c7f74"
      },
      "queryParams": {}
    }
[1640206539541] [32mINFO[39m (7748 on DESKTOP): [36mrequest completed[39m
    reqId: "req-19"
    res: {
      "statusCode": 204
    }
    responseTime: 0.5658999998122454
[1640206540309] [32mINFO[39m (7748 on DESKTOP): [36mincoming request[39m
    reqId: "req-1a"
    req: {
      "method": "GET",
      "url": "/users",
      "path": "/users",
      "parameters": {},
      "queryParams": {}
    }
[1640206540311] [32mINFO[39m (7748 on DESKTOP): [36mrequest completed[39m
    reqId: "req-1a"
    res: {
      "statusCode": 200
    }
    responseTime: 0.9332999996840954
[1640206540326] [32mINFO[39m (7748 on DESKTOP): [36mincoming request[39m
    reqId: "req-1b"
    req: {
      "method": "POST",
      "url": "/users",
      "path": "/users",
      "parameters": {},
      "queryParams": {}
    }
[1640206540327] [32mINFO[39m (7748 on DESKTOP): [36mparsed body[39m
    reqId: "req-1b"
    body: {
      "name": "TEST_USER",
      "login": "test_user",
      "password": "T35t_P@55w0rd"
    }
[1640206540329] [32mINFO[39m (7748 on DESKTOP): [36mrequest completed[39m
    reqId: "req-1b"
    res: {
      "statusCode": 201
    }
    responseTime: 2.3218000000342727
[1640206540334] [32mINFO[39m (7748 on DESKTOP): [36mincoming request[39m
    reqId: "req-1c"
    req: {
      "method": "GET",
      "url": "/users/aee2f2ed-f220-407e-91b6-f027882f9f3c",
      "path": "/users/:userId",
      "parameters": {
        "userId": "aee2f2ed-f220-407e-91b6-f027882f9f3c"
      },
      "queryParams": {}
    }
[1640206540336] [32mINFO[39m (7748 on DESKTOP): [36mrequest completed[39m
    reqId: "req-1c"
    res: {
      "statusCode": 200
    }
    responseTime: 1.336600000038743
[1640206540343] [32mINFO[39m (7748 on DESKTOP): [36mincoming request[39m
    reqId: "req-1d"
    req: {
      "method": "DELETE",
      "url": "/users/aee2f2ed-f220-407e-91b6-f027882f9f3c",
      "path": "/users/:userId",
      "parameters": {
        "userId": "aee2f2ed-f220-407e-91b6-f027882f9f3c"
      },
      "queryParams": {}
    }
[1640206540344] [32mINFO[39m (7748 on DESKTOP): [36mrequest completed[39m
    reqId: "req-1d"
    res: {
      "statusCode": 204
    }
    responseTime: 0.8352000005543232
[1640206540352] [32mINFO[39m (7748 on DESKTOP): [36mincoming request[39m
    reqId: "req-1e"
    req: {
      "method": "POST",
      "url": "/users",
      "path": "/users",
      "parameters": {},
      "queryParams": {}
    }
[1640206540352] [32mINFO[39m (7748 on DESKTOP): [36mparsed body[39m
    reqId: "req-1e"
    body: {
      "name": "TEST_USER",
      "login": "test_user",
      "password": "T35t_P@55w0rd"
    }
[1640206540353] [32mINFO[39m (7748 on DESKTOP): [36mrequest completed[39m
    reqId: "req-1e"
    res: {
      "statusCode": 201
    }
    responseTime: 0.8396999994292855
[1640206540363] [32mINFO[39m (7748 on DESKTOP): [36mincoming request[39m
    reqId: "req-1f"
    req: {
      "method": "DELETE",
      "url": "/users/b178229b-b2db-4108-8a20-52c513d16e6e",
      "path": "/users/:userId",
      "parameters": {
        "userId": "b178229b-b2db-4108-8a20-52c513d16e6e"
      },
      "queryParams": {}
    }
[1640206540364] [32mINFO[39m (7748 on DESKTOP): [36mrequest completed[39m
    reqId: "req-1f"
    res: {
      "statusCode": 204
    }
    responseTime: 0.399100000038743
[1640206540370] [32mINFO[39m (7748 on DESKTOP): [36mincoming request[39m
    reqId: "req-1g"
    req: {
      "method": "POST",
      "url": "/users",
      "path": "/users",
      "parameters": {},
      "queryParams": {}
    }
[1640206540370] [32mINFO[39m (7748 on DESKTOP): [36mparsed body[39m
    reqId: "req-1g"
    body: {
      "name": "TEST_USER",
      "login": "test_user",
      "password": "T35t_P@55w0rd"
    }
[1640206540371] [32mINFO[39m (7748 on DESKTOP): [36mrequest completed[39m
    reqId: "req-1g"
    res: {
      "statusCode": 201
    }
    responseTime: 1.233199999667704
[1640206540378] [32mINFO[39m (7748 on DESKTOP): [36mincoming request[39m
    reqId: "req-1h"
    req: {
      "method": "PUT",
      "url": "/users/860f382c-99df-41fb-9f91-268f360a26a4",
      "path": "/users/:userId",
      "parameters": {
        "userId": "860f382c-99df-41fb-9f91-268f360a26a4"
      },
      "queryParams": {}
    }
[1640206540379] [32mINFO[39m (7748 on DESKTOP): [36mparsed body[39m
    reqId: "req-1h"
    body: {
      "name": "Autotest updated TEST_USER",
      "login": "test_user",
      "password": "T35t_P@55w0rd",
      "id": "860f382c-99df-41fb-9f91-268f360a26a4"
    }
[1640206540380] [32mINFO[39m (7748 on DESKTOP): [36mrequest completed[39m
    reqId: "req-1h"
    res: {
      "statusCode": 200
    }
    responseTime: 1.4763000002130866
[1640206540386] [32mINFO[39m (7748 on DESKTOP): [36mincoming request[39m
    reqId: "req-1i"
    req: {
      "method": "GET",
      "url": "/users/860f382c-99df-41fb-9f91-268f360a26a4",
      "path": "/users/:userId",
      "parameters": {
        "userId": "860f382c-99df-41fb-9f91-268f360a26a4"
      },
      "queryParams": {}
    }
[1640206540387] [32mINFO[39m (7748 on DESKTOP): [36mrequest completed[39m
    reqId: "req-1i"
    res: {
      "statusCode": 200
    }
    responseTime: 0.6080000000074506
[1640206540392] [32mINFO[39m (7748 on DESKTOP): [36mincoming request[39m
    reqId: "req-1j"
    req: {
      "method": "DELETE",
      "url": "/users/860f382c-99df-41fb-9f91-268f360a26a4",
      "path": "/users/:userId",
      "parameters": {
        "userId": "860f382c-99df-41fb-9f91-268f360a26a4"
      },
      "queryParams": {}
    }
[1640206540393] [32mINFO[39m (7748 on DESKTOP): [36mrequest completed[39m
    reqId: "req-1j"
    res: {
      "statusCode": 204
    }
    responseTime: 0.34509999956935644
[1640206540399] [32mINFO[39m (7748 on DESKTOP): [36mincoming request[39m
    reqId: "req-1k"
    req: {
      "method": "POST",
      "url": "/users",
      "path": "/users",
      "parameters": {},
      "queryParams": {}
    }
[1640206540400] [32mINFO[39m (7748 on DESKTOP): [36mparsed body[39m
    reqId: "req-1k"
    body: {
      "name": "TEST_USER",
      "login": "test_user",
      "password": "T35t_P@55w0rd"
    }
[1640206540400] [32mINFO[39m (7748 on DESKTOP): [36mrequest completed[39m
    reqId: "req-1k"
    res: {
      "statusCode": 201
    }
    responseTime: 1.0255000004544854
[1640206540403] [32mINFO[39m (7748 on DESKTOP): [36mincoming request[39m
    reqId: "req-1l"
    req: {
      "method": "DELETE",
      "url": "/users/114aaba0-3a36-4ca1-957c-d8551af84370",
      "path": "/users/:userId",
      "parameters": {
        "userId": "114aaba0-3a36-4ca1-957c-d8551af84370"
      },
      "queryParams": {}
    }
[1640206540404] [32mINFO[39m (7748 on DESKTOP): [36mrequest completed[39m
    reqId: "req-1l"
    res: {
      "statusCode": 204
    }
    responseTime: 0.418100000359118
[1640206540413] [32mINFO[39m (7748 on DESKTOP): [36mincoming request[39m
    reqId: "req-1m"
    req: {
      "method": "POST",
      "url": "/users",
      "path": "/users",
      "parameters": {},
      "queryParams": {}
    }
[1640206540414] [32mINFO[39m (7748 on DESKTOP): [36mparsed body[39m
    reqId: "req-1m"
    body: {
      "name": "TEST_USER",
      "login": "test_user",
      "password": "T35t_P@55w0rd"
    }
[1640206540418] [32mINFO[39m (7748 on DESKTOP): [36mrequest completed[39m
    reqId: "req-1m"
    res: {
      "statusCode": 201
    }
    responseTime: 4.482899999246001
[1640206540422] [32mINFO[39m (7748 on DESKTOP): [36mincoming request[39m
    reqId: "req-1n"
    req: {
      "method": "POST",
      "url": "/boards",
      "path": "/boards",
      "parameters": {},
      "queryParams": {}
    }
[1640206540423] [32mINFO[39m (7748 on DESKTOP): [36mparsed body[39m
    reqId: "req-1n"
    body: {
      "title": "Autotest board",
      "columns": [
        {
          "title": "Backlog",
          "order": 1
        },
        {
          "title": "Sprint",
          "order": 2
        }
      ]
    }
[1640206540424] [31mERROR[39m (7748 on DESKTOP): [36mPromise errored, but reply.sent = true was set[39m
    reqId: "req-1n"
    err: {
      "type": "CustomServerError",
      "message": "Database error, please try later",
      "stack":
          Error: Database error, please try later
              at Object.handler (file:///C:/projects/nodejs2021Q4-service/src/resources/boards/board.router.ts:36:13)
              at processTicksAndRejections (node:internal/process/task_queues:96:5)
      "statusCode": 500
    }
[1640206540425] [32mINFO[39m (7748 on DESKTOP): [36mrequest completed[39m
    reqId: "req-1n"
    res: {
      "statusCode": 201
    }
    responseTime: 2.3650000002235174
[1640206540432] [32mINFO[39m (7748 on DESKTOP): [36mincoming request[39m
    reqId: "req-1o"
    req: {
      "method": "POST",
      "url": "/boards/eaceea6b-55a9-4b76-ad0a-9eda98ed22f2/tasks",
      "path": "/boards/:boardId/tasks",
      "parameters": {
        "boardId": "eaceea6b-55a9-4b76-ad0a-9eda98ed22f2"
      },
      "queryParams": {}
    }
[1640206540432] [32mINFO[39m (7748 on DESKTOP): [36mparsed body[39m
    reqId: "req-1o"
    body: {
      "title": "Task #1",
      "order": 1,
      "description": "Lorem ipsum",
      "userId": "de5aa127-a73c-4bac-86d1-222caacb3ef5",
      "boardId": "eaceea6b-55a9-4b76-ad0a-9eda98ed22f2"
    }
[1640206540433] [32mINFO[39m (7748 on DESKTOP): [36mrequest completed[39m
    reqId: "req-1o"
    res: {
      "statusCode": 201
    }
    responseTime: 1.0575999999418855
[1640206540435] [32mINFO[39m (7748 on DESKTOP): [36mincoming request[39m
    reqId: "req-1p"
    req: {
      "method": "POST",
      "url": "/boards/eaceea6b-55a9-4b76-ad0a-9eda98ed22f2/tasks",
      "path": "/boards/:boardId/tasks",
      "parameters": {
        "boardId": "eaceea6b-55a9-4b76-ad0a-9eda98ed22f2"
      },
      "queryParams": {}
    }
[1640206540435] [32mINFO[39m (7748 on DESKTOP): [36mparsed body[39m
    reqId: "req-1p"
    body: {
      "title": "Task #2",
      "order": 2,
      "description": "Lorem ipsum",
      "userId": "de5aa127-a73c-4bac-86d1-222caacb3ef5",
      "boardId": "eaceea6b-55a9-4b76-ad0a-9eda98ed22f2"
    }
[1640206540436] [32mINFO[39m (7748 on DESKTOP): [36mrequest completed[39m
    reqId: "req-1p"
    res: {
      "statusCode": 201
    }
    responseTime: 0.822999999858439
[1640206540441] [32mINFO[39m (7748 on DESKTOP): [36mincoming request[39m
    reqId: "req-1q"
    req: {
      "method": "DELETE",
      "url": "/users/de5aa127-a73c-4bac-86d1-222caacb3ef5",
      "path": "/users/:userId",
      "parameters": {
        "userId": "de5aa127-a73c-4bac-86d1-222caacb3ef5"
      },
      "queryParams": {}
    }
[1640206540442] [32mINFO[39m (7748 on DESKTOP): [36mrequest completed[39m
    reqId: "req-1q"
    res: {
      "statusCode": 204
    }
    responseTime: 0.955599999986589
[1640206540446] [32mINFO[39m (7748 on DESKTOP): [36mincoming request[39m
    reqId: "req-1r"
    req: {
      "method": "GET",
      "url": "/boards/eaceea6b-55a9-4b76-ad0a-9eda98ed22f2/tasks/1ed073a8-9c9a-47c5-9d59-b52f5885f40a",
      "path": "/boards/:boardId/tasks/:taskId",
      "parameters": {
        "boardId": "eaceea6b-55a9-4b76-ad0a-9eda98ed22f2",
        "taskId": "1ed073a8-9c9a-47c5-9d59-b52f5885f40a"
      },
      "queryParams": {}
    }
[1640206540447] [32mINFO[39m (7748 on DESKTOP): [36mrequest completed[39m
    reqId: "req-1r"
    res: {
      "statusCode": 200
    }
    responseTime: 0.39389999955892563
[1640206540452] [32mINFO[39m (7748 on DESKTOP): [36mincoming request[39m
    reqId: "req-1s"
    req: {
      "method": "GET",
      "url": "/boards/eaceea6b-55a9-4b76-ad0a-9eda98ed22f2/tasks/8df7649f-dfbf-4639-8f77-4d2d7b49145c",
      "path": "/boards/:boardId/tasks/:taskId",
      "parameters": {
        "boardId": "eaceea6b-55a9-4b76-ad0a-9eda98ed22f2",
        "taskId": "8df7649f-dfbf-4639-8f77-4d2d7b49145c"
      },
      "queryParams": {}
    }
[1640206540452] [32mINFO[39m (7748 on DESKTOP): [36mrequest completed[39m
    reqId: "req-1s"
    res: {
      "statusCode": 200
    }
    responseTime: 0.42129999957978725
[1640206540458] [32mINFO[39m (7748 on DESKTOP): [36mincoming request[39m
    reqId: "req-1t"
    req: {
      "method": "DELETE",
      "url": "/boards/eaceea6b-55a9-4b76-ad0a-9eda98ed22f2/tasks/8df7649f-dfbf-4639-8f77-4d2d7b49145c",
      "path": "/boards/:boardId/tasks/:taskId",
      "parameters": {
        "boardId": "eaceea6b-55a9-4b76-ad0a-9eda98ed22f2",
        "taskId": "8df7649f-dfbf-4639-8f77-4d2d7b49145c"
      },
      "queryParams": {}
    }
[1640206540459] [32mINFO[39m (7748 on DESKTOP): [36mrequest completed[39m
    reqId: "req-1t"
    res: {
      "statusCode": 204
    }
    responseTime: 0.4100000001490116
[1640206540459] [32mINFO[39m (7748 on DESKTOP): [36mincoming request[39m
    reqId: "req-1u"
    req: {
      "method": "DELETE",
      "url": "/boards/eaceea6b-55a9-4b76-ad0a-9eda98ed22f2/tasks/1ed073a8-9c9a-47c5-9d59-b52f5885f40a",
      "path": "/boards/:boardId/tasks/:taskId",
      "parameters": {
        "boardId": "eaceea6b-55a9-4b76-ad0a-9eda98ed22f2",
        "taskId": "1ed073a8-9c9a-47c5-9d59-b52f5885f40a"
      },
      "queryParams": {}
    }
[1640206540459] [32mINFO[39m (7748 on DESKTOP): [36mrequest completed[39m
    reqId: "req-1u"
    res: {
      "statusCode": 204
    }
    responseTime: 0.2604000000283122
[1640206540468] [32mINFO[39m (7748 on DESKTOP): [36mincoming request[39m
    reqId: "req-1v"
    req: {
      "method": "DELETE",
      "url": "/boards/eaceea6b-55a9-4b76-ad0a-9eda98ed22f2",
      "path": "/boards/:boardId",
      "parameters": {
        "boardId": "eaceea6b-55a9-4b76-ad0a-9eda98ed22f2"
      },
      "queryParams": {}
    }
[1640206540469] [32mINFO[39m (7748 on DESKTOP): [36mrequest completed[39m
    reqId: "req-1v"
    res: {
      "statusCode": 204
    }
    responseTime: 0.5159999998286366
[1640206664888] [32mINFO[39m (5100 on DESKTOP): [36mServer listening at http://127.0.0.1:4000[39m
[1640206664889] [32mINFO[39m (5100 on DESKTOP): [36mserver listening on 4000[39m
[1640206720438] [32mINFO[39m (3356 on DESKTOP): [36mServer listening at http://127.0.0.1:4000[39m
[1640206720440] [32mINFO[39m (3356 on DESKTOP): [36mserver listening on 4000[39m
